<?xml version="1.0" encoding="UTF-8"?>
<testsuite xmlns:xsi="http://www.w3.org/2001/XMLSchema-instance" xsi:noNamespaceSchemaLocation="https://maven.apache.org/surefire/maven-surefire-plugin/xsd/surefire-test-report.xsd" name="APIKeyHandlerTest" time="1.941" tests="2" errors="0" skipped="0" failures="0">
  <properties>
[...]
</properties>
  <testcase name="loadKeys" classname="APIKeyHandlerTest" time="0.003"/>
  <testcase name="createUserMap" classname="APIKeyHandlerTest" time="0.004"/>
</testsuite>